Arguments: 
  /Users/random/.volta/tools/image/node/18.13.0/bin/node /Users/random/.volta/tools/image/yarn/1.22.18/bin/yarn.js install

PATH: 
  /Users/random/.volta/tools/image/yarn/1.22.18/bin:/Users/random/.volta/tools/image/node/18.13.0/bin:/Users/random/Library/pnpm:/opt/homebrew/opt/libpq/bin:/Users/random/.volta/bin:/opt/homebrew/opt/mysql@5.7/bin:/Users/random/.rbenv/shims:/opt/homebrew/bin:/opt/homebrew/sbin:/usr/local/bin:/System/Cryptexes/App/usr/bin:/usr/bin:/bin:/usr/sbin:/sbin:/Library/Apple/usr/bin:/Users/random/Library/pnpm:/opt/homebrew/opt/libpq/bin:/Users/random/.volta/bin:/opt/homebrew/opt/mysql@5.7/bin:/Users/random/.rbenv/shims:/opt/homebrew/bin:/opt/homebrew/sbin:/Users/random/.cargo/bin:/Applications/kitty.app/Contents/MacOS:/opt/homebrew/opt/fzf/bin:/Users/random/go/bin:/Users/random/go/bin

Yarn version: 
  1.22.18

Node version: 
  18.13.0

Platform: 
  darwin arm64

Trace: 
  Error: ENOENT: no such file or directory, copyfile '/Users/random/Library/Caches/Yarn/v6/npm-glob-parent-6.0.2-6d237d99083950c79290f24c7642a3de9a28f9e3-integrity/node_modules/glob-parent/README.md' -> '/Users/random/Projects/SchoolOfElvish/codeboard/frontend/node_modules/eslint/node_modules/glob-parent/README.md'

npm manifest: 
  {
  	"name": "frontend",
  	"version": "0.0.1",
  	"private": true,
  	"scripts": {
  		"dev": "vite dev --port 3001",
  		"build": "vite build",
  		"preview": "vite preview",
  		"check": "svelte-kit sync && svelte-check --tsconfig ./tsconfig.json",
  		"check:watch": "svelte-kit sync && svelte-check --tsconfig ./tsconfig.json --watch",
  		"test:unit": "vitest",
  		"lint": "prettier --plugin-search-dir . --check . && eslint .",
  		"format": "prettier --plugin-search-dir . --write ."
  	},
  	"devDependencies": {
  		"@sveltejs/adapter-auto": "^1.0.0",
  		"@sveltejs/kit": "^1.0.0",
  		"@tailwindcss/forms": "^0.5.3",
  		"@typescript-eslint/eslint-plugin": "^5.45.0",
  		"@typescript-eslint/parser": "^5.45.0",
  		"autoprefixer": "^10.4.13",
  		"eslint": "^8.28.0",
  		"eslint-config-prettier": "^8.5.0",
  		"eslint-plugin-svelte3": "^4.0.0",
  		"postcss": "^8.4.21",
  		"prettier": "^2.8.0",
  		"prettier-plugin-svelte": "^2.8.1",
  		"svelte": "^3.54.0",
  		"svelte-check": "^3.0.1",
  		"tailwindcss": "^3.2.4",
  		"tslib": "^2.4.1",
  		"typescript": "^4.9.3",
  		"vite": "^4.0.0",
  		"vitest": "^0.25.3"
  	},
  	"type": "module",
  	"dependencies": {
  		"wretch": "^2.4.1"
  	}
  }

yarn manifest: 
  No manifest

Lockfile: 
  No lockfile
